/usr/bin/php /mnt/www/default/scripts/convert_videos.php 12623.mp4 12623 /mnt/www/default/media/videos/vid/12623.mp4
/usr/bin/mplayer -quiet -nolirc -vo null -ao null -frames 0 -identify "/mnt/www/default/media/videos/vid/12623.mp4"
MPlayer 1.0rc4-4.4.7 (C) 2000-2010 MPlayer Team

Playing /mnt/www/default/media/videos/vid/12623.mp4.
libavformat file format detected.
ID_VIDEO_ID=0
[lavf] stream 0: video (h264), -vid 0
ID_AUDIO_ID=0
ID_AID_0_LANG=und
[lavf] stream 1: audio (aac), -aid 0, -alang und
VIDEO:  [H264]  640x480  24bpp  25.000 fps  434.9 kbps (53.1 kbyte/s)
Clip info:
 major_brand: isom
ID_CLIP_INFO_NAME0=major_brand
ID_CLIP_INFO_VALUE0=isom
 minor_version: 512
ID_CLIP_INFO_NAME1=minor_version
ID_CLIP_INFO_VALUE1=512
 compatible_brands: isomiso2avc1mp41
ID_CLIP_INFO_NAME2=compatible_brands
ID_CLIP_INFO_VALUE2=isomiso2avc1mp41
 encoder: Lavf54.29.104
ID_CLIP_INFO_NAME3=encoder
ID_CLIP_INFO_VALUE3=Lavf54.29.104
ID_CLIP_INFO_N=4
ID_FILENAME=/mnt/www/default/media/videos/vid/12623.mp4
ID_DEMUXER=lavfpref
ID_VIDEO_FORMAT=H264
ID_VIDEO_BITRATE=434856
ID_VIDEO_WIDTH=640
ID_VIDEO_HEIGHT=480
ID_VIDEO_FPS=25.000
ID_VIDEO_ASPECT=1.3333
ID_AUDIO_FORMAT=MP4A
ID_AUDIO_BITRATE=125600
ID_AUDIO_RATE=44100
ID_AUDIO_NCH=2
ID_START_TIME=0.00
ID_LENGTH=75.92
ID_SEEKABLE=1
ID_CHAPTERS=0
==========================================================================
Opening video decoder: [ffmpeg] FFmpeg's libavcodec codec family
Selected video codec: [ffh264] vfm: ffmpeg (FFmpeg H.264)
==========================================================================
ID_VIDEO_CODEC=ffh264
==========================================================================
Opening audio decoder: [faad] AAC (MPEG2/4 Advanced Audio Coding)
AUDIO: 44100 Hz, 2 ch, s16le, 125.6 kbit/8.90% (ratio: 15700->176400)
ID_AUDIO_BITRATE=125600
ID_AUDIO_RATE=44100
ID_AUDIO_NCH=2
Selected audio codec: [faad] afm: faad (FAAD AAC (MPEG-2/MPEG-4 Audio))
==========================================================================
AO: [null] 44100Hz 2ch s16le (2 bytes per sample)
ID_AUDIO_CODEC=faad
Starting playback...


Exiting... (End of file)
ID_EXIT=EOF
/usr/bin/mplayer -quiet -nolirc -vo null -ao null -frames 0 -identify "/mnt/www/default/media/videos/vid/12623.mp4"
MPlayer 1.0rc4-4.4.7 (C) 2000-2010 MPlayer Team

Playing /mnt/www/default/media/videos/vid/12623.mp4.
libavformat file format detected.
ID_VIDEO_ID=0
[lavf] stream 0: video (h264), -vid 0
ID_AUDIO_ID=0
ID_AID_0_LANG=und
[lavf] stream 1: audio (aac), -aid 0, -alang und
VIDEO:  [H264]  640x480  24bpp  25.000 fps  434.9 kbps (53.1 kbyte/s)
Clip info:
 major_brand: isom
ID_CLIP_INFO_NAME0=major_brand
ID_CLIP_INFO_VALUE0=isom
 minor_version: 512
ID_CLIP_INFO_NAME1=minor_version
ID_CLIP_INFO_VALUE1=512
 compatible_brands: isomiso2avc1mp41
ID_CLIP_INFO_NAME2=compatible_brands
ID_CLIP_INFO_VALUE2=isomiso2avc1mp41
 encoder: Lavf54.29.104
ID_CLIP_INFO_NAME3=encoder
ID_CLIP_INFO_VALUE3=Lavf54.29.104
ID_CLIP_INFO_N=4
ID_FILENAME=/mnt/www/default/media/videos/vid/12623.mp4
ID_DEMUXER=lavfpref
ID_VIDEO_FORMAT=H264
ID_VIDEO_BITRATE=434856
ID_VIDEO_WIDTH=640
ID_VIDEO_HEIGHT=480
ID_VIDEO_FPS=25.000
ID_VIDEO_ASPECT=1.3333
ID_AUDIO_FORMAT=MP4A
ID_AUDIO_BITRATE=125600
ID_AUDIO_RATE=44100
ID_AUDIO_NCH=2
ID_START_TIME=0.00
ID_LENGTH=75.92
ID_SEEKABLE=1
ID_CHAPTERS=0
==========================================================================
Opening video decoder: [ffmpeg] FFmpeg's libavcodec codec family
Selected video codec: [ffh264] vfm: ffmpeg (FFmpeg H.264)
==========================================================================
ID_VIDEO_CODEC=ffh264
==========================================================================
Opening audio decoder: [faad] AAC (MPEG2/4 Advanced Audio Coding)
AUDIO: 44100 Hz, 2 ch, s16le, 125.6 kbit/8.90% (ratio: 15700->176400)
ID_AUDIO_BITRATE=125600
ID_AUDIO_RATE=44100
ID_AUDIO_NCH=2
Selected audio codec: [faad] afm: faad (FAAD AAC (MPEG-2/MPEG-4 Audio))
==========================================================================
AO: [null] 44100Hz 2ch s16le (2 bytes per sample)
ID_AUDIO_CODEC=faad
Starting playback...


Exiting... (End of file)
ID_EXIT=EOF
